生成启动时间为 2017/2/27 22:22:28。
     1>项目“D:\botnet\botnet\botnet.vcxproj”在节点 2 上(Build 个目标)。
     1>ClCompile:
         E:\VS2013\VC\bin\CL.exe /c /Zi /nologo /W3 /WX- /sdl /O2 /Oi /Oy- /GL /D HAVW_REMOTE /D _CRT_SECURE_NO_WARNINGS /D _MBCS /Gm- /EHsc /MD /GS /Gy /fp:precise /Zc:wchar_t /Zc:forScope /Fo"Release\\" /Fd"Release\vc120.pdb" /Gd /TC /analyze- /errorReport:prompt main.c
         main.c
     1>d:\botnet\botnet\tls.h(56): warning C4005: “OUT”: 宏重定义
                 C:\Program Files (x86)\Windows Kits\8.1\Include\shared\minwindef.h(83) : 参见“OUT”的前一个定义
     1>d:\botnet\botnet\tls.h(57): warning C4005: “IN”: 宏重定义
                 C:\Program Files (x86)\Windows Kits\8.1\Include\shared\minwindef.h(79) : 参见“IN”的前一个定义
     1>main.c(49): warning C4101: “dumpfile”: 未引用的局部变量
     1>main.c(188): warning C4244: “=”: 从“unsigned short”转换到“unsigned char”，可能丢失数据
     1>main.c(199): warning C4244: “=”: 从“unsigned short”转换到“unsigned char”，可能丢失数据
     1>main.c(206): warning C4020: “process_tcp”: 实参太多
     1>main.c(169): warning C4101: “sendBuf”: 未引用的局部变量
     1>main.c(224): warning C4029: 声明的形参表不同于定义
     1>main.c(236): warning C4018: “>”: 有符号/无符号不匹配
     1>main.c(244): warning C4090: “=”: 不同的“const”限定符
     1>main.c(482): warning C4018: “<”: 有符号/无符号不匹配
       Link:
         E:\VS2013\VC\bin\link.exe /ERRORREPORT:PROMPT /OUT:"D:\botnet\Release\botnet.exe" /NOLOGO ws2_32.lib Packet.lib wpcap.lib wininet.lib kernel32.lib user32.lib gdi32.lib winspool.lib comdlg32.lib advapi32.lib shell32.lib ole32.lib oleaut32.lib uuid.lib odbc32.lib odbccp32.lib /MANIFEST /MANIFESTUAC:"level='asInvoker' uiAccess='false'" /manifest:embed /DEBUG /PDB:"D:\botnet\Release\botnet.pdb" /SUBSYSTEM:CONSOLE /OPT:REF /OPT:ICF /LTCG /TLBID:1 /DYNAMICBASE /NXCOMPAT /IMPLIB:"D:\botnet\Release\botnet.lib" /MACHINE:X86 /SAFESEH Release\main.obj
         Release\p2f.obj
         正在生成代码
         已完成代码的生成
         botnet.vcxproj -> D:\botnet\Release\botnet.exe
     1>已完成生成项目“D:\botnet\botnet\botnet.vcxproj”(Build 个目标)的操作。

生成成功。

已用时间 00:00:00.78
