d:\botnet\botnet\debug\vc120.pdb
d:\botnet\botnet\debug\vc120.idb
d:\botnet\botnet\debug\main.obj
d:\botnet\debug\botnet.pdb
d:\botnet\botnet\debug\botnet.tlog\cl.command.1.tlog
d:\botnet\botnet\debug\botnet.tlog\cl.read.1.tlog
d:\botnet\botnet\debug\botnet.tlog\cl.write.1.tlog
d:\botnet\botnet\debug\botnet.tlog\link-cvtres.read.1.tlog
d:\botnet\botnet\debug\botnet.tlog\link-cvtres.write.1.tlog
d:\botnet\botnet\debug\botnet.tlog\link-rc.read.1.tlog
d:\botnet\botnet\debug\botnet.tlog\link-rc.write.1.tlog
d:\botnet\botnet\debug\botnet.tlog\link.11148-cvtres.read.1.tlog
d:\botnet\botnet\debug\botnet.tlog\link.11148-cvtres.write.1.tlog
d:\botnet\botnet\debug\botnet.tlog\link.11148-rc.read.1.tlog
d:\botnet\botnet\debug\botnet.tlog\link.11148-rc.write.1.tlog
d:\botnet\botnet\debug\botnet.tlog\link.11148.read.1.tlog
d:\botnet\botnet\debug\botnet.tlog\link.11148.write.1.tlog
d:\botnet\botnet\debug\botnet.tlog\link.command.1.tlog
d:\botnet\botnet\debug\botnet.tlog\link.read.1.tlog
d:\botnet\botnet\debug\botnet.tlog\link.write.1.tlog
